<?xml version="1.0" encoding="UTF-8"?>
<robot generator="Robot 5.0 (Python 3.9.2 on win32)" generated="20220516 22:19:44.394" rpa="false" schemaversion="3">
<suite id="s1" name="RobotFramework" source="C:\Users\LakshmiYadav\IdeaProjects\RobotFramework">
<suite id="s1-s1" name="Tests" source="C:\Users\LakshmiYadav\IdeaProjects\RobotFramework\tests">
<suite id="s1-s1-s1" name="Main" source="C:\Users\LakshmiYadav\IdeaProjects\RobotFramework\tests\main.robot">
<test id="s1-s1-s1-t1" name="Test title" line="5">
<kw name="Provided precondition">
<kw name="Given Provided precondition">
<kw name="Given Provided precondition">
<kw name="Given Provided precondition">
<kw name="Given Provided precondition">
<kw name="Given Provided precondition">
<kw name="Given Provided precondition">
<kw name="Given Provided precondition">
<kw name="Given Provided precondition">
<kw name="Given Provided precondition">
<kw name="Given Provided precondition">
<kw name="Given Provided precondition">
<kw name="Given Provided precondition">
<kw name="Given Provided precondition">
<kw name="Given Provided precondition">
<kw name="Given Provided precondition">
<kw name="Given Provided precondition">
<kw name="Given Provided precondition">
<kw name="Given Provided precondition">
<kw name="Given Provided precondition">
<kw name="Given Provided precondition">
<kw name="Given Provided precondition">
<kw name="Given Provided precondition">
<kw name="Given Provided precondition">
<kw name="Given Provided precondition">
<kw name="Given Provided precondition">
<kw name="Given Provided precondition">
<kw name="Given Provided precondition">
<kw name="Given Provided precondition">
<kw name="Given Provided precondition">
<kw name="Given Provided precondition">
<kw name="Given Provided precondition">
<kw name="Given Provided precondition">
<kw name="Given Provided precondition">
<kw name="Given Provided precondition">
<kw name="Given Provided precondition">
<kw name="Given Provided precondition">
<kw name="Given Provided precondition">
<kw name="Given Provided precondition">
<kw name="Given Provided precondition">
<kw name="Given Provided precondition">
<kw name="Given Provided precondition">
<kw name="Given Provided precondition">
<kw name="Given Provided precondition">
<kw name="Given Provided precondition">
<kw name="Given Provided precondition">
<kw name="Given Provided precondition">
<kw name="Given Provided precondition">
<kw name="Given Provided precondition">
<kw name="Given Provided precondition">
<kw name="Given Provided precondition">
<kw name="Given Provided precondition">
<kw name="Given Provided precondition">
<kw name="Given Provided precondition">
<kw name="Given Provided precondition">
<kw name="Given Provided precondition">
<kw name="Given Provided precondition">
<kw name="Given Provided precondition">
<kw name="Given Provided precondition">
<kw name="Given Provided precondition">
<kw name="Given Provided precondition">
<kw name="Given Provided precondition">
<kw name="Given Provided precondition">
<kw name="Given Provided precondition">
<kw name="Given Provided precondition">
<kw name="Given Provided precondition">
<kw name="Given Provided precondition">
<kw name="Given Provided precondition">
<kw name="Given Provided precondition">
<kw name="Given Provided precondition">
<kw name="Given Provided precondition">
<kw name="Given Provided precondition">
<kw name="Given Provided precondition">
<kw name="Given Provided precondition">
<kw name="Given Provided precondition">
<kw name="Given Provided precondition">
<kw name="Given Provided precondition">
<kw name="Given Provided precondition">
<kw name="Given Provided precondition">
<kw name="Given Provided precondition">
<kw name="Given Provided precondition">
<kw name="Given Provided precondition">
<kw name="Given Provided precondition">
<kw name="Given Provided precondition">
<kw name="Given Provided precondition">
<kw name="Given Provided precondition">
<kw name="Given Provided precondition">
<kw name="Given Provided precondition">
<kw name="Given Provided precondition">
<kw name="Given Provided precondition">
<kw name="Given Provided precondition">
<kw name="Given Provided precondition">
<kw name="Given Provided precondition">
<kw name="Given Provided precondition">
<kw name="Given Provided precondition">
<kw name="Given Provided precondition">
<kw name="Given Provided precondition">
<kw name="Given Provided precondition">
<kw name="Given Provided precondition">
<kw name="Given Provided precondition">
<msg timestamp="20220516 22:19:44.444" level="FAIL">Maximum limit of started keywords and control structures exceeded.</msg>
<status status="FAIL" starttime="20220516 22:19:44.444" endtime="20220516 22:19:44.444"/>
</kw>
<status status="FAIL" starttime="20220516 22:19:44.444" endtime="20220516 22:19:44.444"/>
</kw>
<status status="FAIL" starttime="20220516 22:19:44.444" endtime="20220516 22:19:44.444"/>
</kw>
<status status="FAIL" starttime="20220516 22:19:44.444" endtime="20220516 22:19:44.444"/>
</kw>
<status status="FAIL" starttime="20220516 22:19:44.444" endtime="20220516 22:19:44.444"/>
</kw>
<status status="FAIL" starttime="20220516 22:19:44.444" endtime="20220516 22:19:44.444"/>
</kw>
<status status="FAIL" starttime="20220516 22:19:44.444" endtime="20220516 22:19:44.444"/>
</kw>
<status status="FAIL" starttime="20220516 22:19:44.444" endtime="20220516 22:19:44.444"/>
</kw>
<status status="FAIL" starttime="20220516 22:19:44.443" endtime="20220516 22:19:44.444"/>
</kw>
<status status="FAIL" starttime="20220516 22:19:44.443" endtime="20220516 22:19:44.444"/>
</kw>
<status status="FAIL" starttime="20220516 22:19:44.443" endtime="20220516 22:19:44.444"/>
</kw>
<status status="FAIL" starttime="20220516 22:19:44.443" endtime="20220516 22:19:44.444"/>
</kw>
<status status="FAIL" starttime="20220516 22:19:44.435" endtime="20220516 22:19:44.444"/>
</kw>
<status status="FAIL" starttime="20220516 22:19:44.435" endtime="20220516 22:19:44.444"/>
</kw>
<status status="FAIL" starttime="20220516 22:19:44.435" endtime="20220516 22:19:44.444"/>
</kw>
<status status="FAIL" starttime="20220516 22:19:44.435" endtime="20220516 22:19:44.444"/>
</kw>
<status status="FAIL" starttime="20220516 22:19:44.435" endtime="20220516 22:19:44.444"/>
</kw>
<status status="FAIL" starttime="20220516 22:19:44.435" endtime="20220516 22:19:44.444"/>
</kw>
<status status="FAIL" starttime="20220516 22:19:44.435" endtime="20220516 22:19:44.444"/>
</kw>
<status status="FAIL" starttime="20220516 22:19:44.435" endtime="20220516 22:19:44.444"/>
</kw>
<status status="FAIL" starttime="20220516 22:19:44.435" endtime="20220516 22:19:44.444"/>
</kw>
<status status="FAIL" starttime="20220516 22:19:44.435" endtime="20220516 22:19:44.444"/>
</kw>
<status status="FAIL" starttime="20220516 22:19:44.435" endtime="20220516 22:19:44.444"/>
</kw>
<status status="FAIL" starttime="20220516 22:19:44.435" endtime="20220516 22:19:44.444"/>
</kw>
<status status="FAIL" starttime="20220516 22:19:44.435" endtime="20220516 22:19:44.444"/>
</kw>
<status status="FAIL" starttime="20220516 22:19:44.435" endtime="20220516 22:19:44.444"/>
</kw>
<status status="FAIL" starttime="20220516 22:19:44.435" endtime="20220516 22:19:44.444"/>
</kw>
<status status="FAIL" starttime="20220516 22:19:44.435" endtime="20220516 22:19:44.444"/>
</kw>
<status status="FAIL" starttime="20220516 22:19:44.435" endtime="20220516 22:19:44.444"/>
</kw>
<status status="FAIL" starttime="20220516 22:19:44.435" endtime="20220516 22:19:44.444"/>
</kw>
<status status="FAIL" starttime="20220516 22:19:44.435" endtime="20220516 22:19:44.444"/>
</kw>
<status status="FAIL" starttime="20220516 22:19:44.435" endtime="20220516 22:19:44.444"/>
</kw>
<status status="FAIL" starttime="20220516 22:19:44.435" endtime="20220516 22:19:44.444"/>
</kw>
<status status="FAIL" starttime="20220516 22:19:44.435" endtime="20220516 22:19:44.444"/>
</kw>
<status status="FAIL" starttime="20220516 22:19:44.435" endtime="20220516 22:19:44.444"/>
</kw>
<status status="FAIL" starttime="20220516 22:19:44.435" endtime="20220516 22:19:44.444"/>
</kw>
<status status="FAIL" starttime="20220516 22:19:44.435" endtime="20220516 22:19:44.444"/>
</kw>
<status status="FAIL" starttime="20220516 22:19:44.435" endtime="20220516 22:19:44.444"/>
</kw>
<status status="FAIL" starttime="20220516 22:19:44.435" endtime="20220516 22:19:44.444"/>
</kw>
<status status="FAIL" starttime="20220516 22:19:44.435" endtime="20220516 22:19:44.444"/>
</kw>
<status status="FAIL" starttime="20220516 22:19:44.435" endtime="20220516 22:19:44.444"/>
</kw>
<status status="FAIL" starttime="20220516 22:19:44.435" endtime="20220516 22:19:44.444"/>
</kw>
<status status="FAIL" starttime="20220516 22:19:44.435" endtime="20220516 22:19:44.444"/>
</kw>
<status status="FAIL" starttime="20220516 22:19:44.435" endtime="20220516 22:19:44.444"/>
</kw>
<status status="FAIL" starttime="20220516 22:19:44.435" endtime="20220516 22:19:44.444"/>
</kw>
<status status="FAIL" starttime="20220516 22:19:44.435" endtime="20220516 22:19:44.444"/>
</kw>
<status status="FAIL" starttime="20220516 22:19:44.435" endtime="20220516 22:19:44.444"/>
</kw>
<status status="FAIL" starttime="20220516 22:19:44.435" endtime="20220516 22:19:44.444"/>
</kw>
<status status="FAIL" starttime="20220516 22:19:44.434" endtime="20220516 22:19:44.444"/>
</kw>
<status status="FAIL" starttime="20220516 22:19:44.434" endtime="20220516 22:19:44.444"/>
</kw>
<status status="FAIL" starttime="20220516 22:19:44.434" endtime="20220516 22:19:44.444"/>
</kw>
<status status="FAIL" starttime="20220516 22:19:44.418" endtime="20220516 22:19:44.444"/>
</kw>
<status status="FAIL" starttime="20220516 22:19:44.418" endtime="20220516 22:19:44.444"/>
</kw>
<status status="FAIL" starttime="20220516 22:19:44.418" endtime="20220516 22:19:44.444"/>
</kw>
<status status="FAIL" starttime="20220516 22:19:44.418" endtime="20220516 22:19:44.444"/>
</kw>
<status status="FAIL" starttime="20220516 22:19:44.418" endtime="20220516 22:19:44.444"/>
</kw>
<status status="FAIL" starttime="20220516 22:19:44.418" endtime="20220516 22:19:44.444"/>
</kw>
<status status="FAIL" starttime="20220516 22:19:44.418" endtime="20220516 22:19:44.444"/>
</kw>
<status status="FAIL" starttime="20220516 22:19:44.418" endtime="20220516 22:19:44.444"/>
</kw>
<status status="FAIL" starttime="20220516 22:19:44.418" endtime="20220516 22:19:44.444"/>
</kw>
<status status="FAIL" starttime="20220516 22:19:44.418" endtime="20220516 22:19:44.444"/>
</kw>
<status status="FAIL" starttime="20220516 22:19:44.418" endtime="20220516 22:19:44.444"/>
</kw>
<status status="FAIL" starttime="20220516 22:19:44.418" endtime="20220516 22:19:44.444"/>
</kw>
<status status="FAIL" starttime="20220516 22:19:44.418" endtime="20220516 22:19:44.444"/>
</kw>
<status status="FAIL" starttime="20220516 22:19:44.418" endtime="20220516 22:19:44.444"/>
</kw>
<status status="FAIL" starttime="20220516 22:19:44.418" endtime="20220516 22:19:44.444"/>
</kw>
<status status="FAIL" starttime="20220516 22:19:44.418" endtime="20220516 22:19:44.444"/>
</kw>
<status status="FAIL" starttime="20220516 22:19:44.418" endtime="20220516 22:19:44.444"/>
</kw>
<status status="FAIL" starttime="20220516 22:19:44.418" endtime="20220516 22:19:44.444"/>
</kw>
<status status="FAIL" starttime="20220516 22:19:44.418" endtime="20220516 22:19:44.444"/>
</kw>
<status status="FAIL" starttime="20220516 22:19:44.418" endtime="20220516 22:19:44.444"/>
</kw>
<status status="FAIL" starttime="20220516 22:19:44.418" endtime="20220516 22:19:44.444"/>
</kw>
<status status="FAIL" starttime="20220516 22:19:44.418" endtime="20220516 22:19:44.444"/>
</kw>
<status status="FAIL" starttime="20220516 22:19:44.418" endtime="20220516 22:19:44.444"/>
</kw>
<status status="FAIL" starttime="20220516 22:19:44.418" endtime="20220516 22:19:44.444"/>
</kw>
<status status="FAIL" starttime="20220516 22:19:44.418" endtime="20220516 22:19:44.444"/>
</kw>
<status status="FAIL" starttime="20220516 22:19:44.418" endtime="20220516 22:19:44.444"/>
</kw>
<status status="FAIL" starttime="20220516 22:19:44.418" endtime="20220516 22:19:44.444"/>
</kw>
<status status="FAIL" starttime="20220516 22:19:44.418" endtime="20220516 22:19:44.444"/>
</kw>
<status status="FAIL" starttime="20220516 22:19:44.418" endtime="20220516 22:19:44.444"/>
</kw>
<status status="FAIL" starttime="20220516 22:19:44.418" endtime="20220516 22:19:44.444"/>
</kw>
<status status="FAIL" starttime="20220516 22:19:44.418" endtime="20220516 22:19:44.444"/>
</kw>
<status status="FAIL" starttime="20220516 22:19:44.418" endtime="20220516 22:19:44.444"/>
</kw>
<status status="FAIL" starttime="20220516 22:19:44.418" endtime="20220516 22:19:44.444"/>
</kw>
<status status="FAIL" starttime="20220516 22:19:44.418" endtime="20220516 22:19:44.444"/>
</kw>
<status status="FAIL" starttime="20220516 22:19:44.418" endtime="20220516 22:19:44.444"/>
</kw>
<status status="FAIL" starttime="20220516 22:19:44.418" endtime="20220516 22:19:44.444"/>
</kw>
<status status="FAIL" starttime="20220516 22:19:44.418" endtime="20220516 22:19:44.444"/>
</kw>
<status status="FAIL" starttime="20220516 22:19:44.418" endtime="20220516 22:19:44.444"/>
</kw>
<status status="FAIL" starttime="20220516 22:19:44.418" endtime="20220516 22:19:44.444"/>
</kw>
<status status="FAIL" starttime="20220516 22:19:44.418" endtime="20220516 22:19:44.444"/>
</kw>
<status status="FAIL" starttime="20220516 22:19:44.418" endtime="20220516 22:19:44.444"/>
</kw>
<status status="FAIL" starttime="20220516 22:19:44.418" endtime="20220516 22:19:44.444"/>
</kw>
<status status="FAIL" starttime="20220516 22:19:44.418" endtime="20220516 22:19:44.444"/>
</kw>
<status status="FAIL" starttime="20220516 22:19:44.418" endtime="20220516 22:19:44.444"/>
</kw>
<status status="FAIL" starttime="20220516 22:19:44.418" endtime="20220516 22:19:44.444"/>
</kw>
<status status="FAIL" starttime="20220516 22:19:44.418" endtime="20220516 22:19:44.444"/>
</kw>
<status status="FAIL" starttime="20220516 22:19:44.418" endtime="20220516 22:19:44.444"/>
</kw>
<status status="FAIL" starttime="20220516 22:19:44.418" endtime="20220516 22:19:44.444"/>
</kw>
<status status="FAIL" starttime="20220516 22:19:44.418" endtime="20220516 22:19:44.444"/>
</kw>
<kw name="When action">
<status status="NOT RUN" starttime="20220516 22:19:44.444" endtime="20220516 22:19:44.444"/>
</kw>
<kw name="Then check expectations">
<status status="NOT RUN" starttime="20220516 22:19:44.444" endtime="20220516 22:19:44.444"/>
</kw>
<tag>DEBUG</tag>
<status status="FAIL" starttime="20220516 22:19:44.418" endtime="20220516 22:19:44.444">Maximum limit of started keywords and control structures exceeded.</status>
</test>
<status status="FAIL" starttime="20220516 22:19:44.418" endtime="20220516 22:19:44.444"/>
</suite>
<suite id="s1-s1-s2" name="testDemo1" source="C:\Users\LakshmiYadav\IdeaProjects\RobotFramework\tests\testDemo1.robot">
<test id="s1-s1-s2-t1" name="Validate succesful Login" line="9">
<kw name="Open the browser with Mortage page">
<kw name="creat webdriver">
<arg>Chrome</arg>
<arg>executable_path=C:\Users\LakshmiYadav\Downloads\updatedDriver\chromedriver</arg>
<msg timestamp="20220516 22:19:44.462" level="FAIL">No keyword with name 'creat webdriver' found.</msg>
<status status="FAIL" starttime="20220516 22:19:44.462" endtime="20220516 22:19:44.462"/>
</kw>
<kw name="Go To">
<arg>https://rahulshettyacademy.com/loginpagePractise/</arg>
<status status="NOT RUN" starttime="20220516 22:19:44.462" endtime="20220516 22:19:44.462"/>
</kw>
<status status="FAIL" starttime="20220516 22:19:44.462" endtime="20220516 22:19:44.462"/>
</kw>
<status status="FAIL" starttime="20220516 22:19:44.462" endtime="20220516 22:19:44.462">No keyword with name 'creat webdriver' found.</status>
</test>
<doc>To validate the Login Form</doc>
<status status="FAIL" starttime="20220516 22:19:44.444" endtime="20220516 22:19:44.462"/>
</suite>
<status status="FAIL" starttime="20220516 22:19:44.418" endtime="20220516 22:19:44.462"/>
</suite>
<status status="FAIL" starttime="20220516 22:19:44.395" endtime="20220516 22:19:44.462"/>
</suite>
<statistics>
<total>
<stat pass="0" fail="2" skip="0">All Tests</stat>
</total>
<tag>
<stat pass="0" fail="1" skip="0">DEBUG</stat>
</tag>
<suite>
<stat pass="0" fail="2" skip="0" id="s1" name="RobotFramework">RobotFramework</stat>
<stat pass="0" fail="2" skip="0" id="s1-s1" name="Tests">RobotFramework.Tests</stat>
<stat pass="0" fail="1" skip="0" id="s1-s1-s1" name="Main">RobotFramework.Tests.Main</stat>
<stat pass="0" fail="1" skip="0" id="s1-s1-s2" name="testDemo1">RobotFramework.Tests.testDemo1</stat>
</suite>
</statistics>
<errors>
<msg timestamp="20220516 22:19:44.462" level="ERROR">Error in file 'C:\Users\LakshmiYadav\IdeaProjects\RobotFramework\tests\testDemo1.robot' on line 3: Importing library 'SeleniumLibraray' failed: ModuleNotFoundError: No module named 'SeleniumLibraray'
Traceback (most recent call last):
  None
PYTHONPATH:
  C:\Users\LakshmiYadav\AppData\Local\Programs\Python\Python39\Lib\site-packages
  C:\Users\LakshmiYadav\AppData\Local\Programs\Python\Python39\python39.zip
  C:\Users\LakshmiYadav\AppData\Local\Programs\Python\Python39\DLLs
  C:\Users\LakshmiYadav\AppData\Local\Programs\Python\Python39\lib
  C:\Users\LakshmiYadav\AppData\Local\Programs\Python\Python39</msg>
</errors>
</robot>
